<?xml version="1.0" encoding="UTF-8"?>
<testng-results ignored="0" total="3" passed="2" failed="1" skipped="0">
  <reporter-output>
  </reporter-output>
  <suite started-at="2023-10-18T15:32:17 CEST" name="Default Suite" finished-at="2023-10-18T15:32:29 CEST" duration-ms="11614">
    <groups>
    </groups>
    <test started-at="2023-10-18T15:32:17 CEST" name="SwagLabsProject" finished-at="2023-10-18T15:32:29 CEST" duration-ms="11614">
      <class name="Tests.ProductsTest">
        <test-method is-config="true" signature="setUp()[pri:0, instance:Tests.ProductsTest@659a969b]" started-at="2023-10-18T15:32:18 CEST" name="setUp" finished-at="2023-10-18T15:32:23 CEST" duration-ms="5771" status="PASS">
          <reporter-output>
          </reporter-output>
        </test-method> <!-- setUp -->
        <test-method is-config="true" signature="pageSetUp()[pri:0, instance:Tests.ProductsTest@659a969b]" started-at="2023-10-18T15:32:23 CEST" name="pageSetUp" finished-at="2023-10-18T15:32:25 CEST" duration-ms="1753" status="PASS">
          <reporter-output>
          </reporter-output>
        </test-method> <!-- pageSetUp -->
        <test-method signature="userCanAddProduct()[pri:10, instance:Tests.ProductsTest@659a969b]" started-at="2023-10-18T15:32:25 CEST" name="userCanAddProduct" finished-at="2023-10-18T15:32:26 CEST" duration-ms="439" status="PASS">
          <reporter-output>
          </reporter-output>
        </test-method> <!-- userCanAddProduct -->
        <test-method is-config="true" signature="pageSetUp()[pri:0, instance:Tests.ProductsTest@659a969b]" started-at="2023-10-18T15:32:26 CEST" name="pageSetUp" finished-at="2023-10-18T15:32:26 CEST" duration-ms="577" status="PASS">
          <reporter-output>
          </reporter-output>
        </test-method> <!-- pageSetUp -->
        <test-method signature="userCanRemoveProduct()[pri:20, instance:Tests.ProductsTest@659a969b]" started-at="2023-10-18T15:32:26 CEST" name="userCanRemoveProduct" finished-at="2023-10-18T15:32:27 CEST" duration-ms="416" status="PASS">
          <reporter-output>
          </reporter-output>
        </test-method> <!-- userCanRemoveProduct -->
        <test-method is-config="true" signature="pageSetUp()[pri:0, instance:Tests.ProductsTest@659a969b]" started-at="2023-10-18T15:32:27 CEST" name="pageSetUp" finished-at="2023-10-18T15:32:27 CEST" duration-ms="394" status="PASS">
          <reporter-output>
          </reporter-output>
        </test-method> <!-- pageSetUp -->
        <test-method signature="productIsStillInTheCartAfterLogout()[pri:30, instance:Tests.ProductsTest@659a969b]" started-at="2023-10-18T15:32:27 CEST" name="productIsStillInTheCartAfterLogout" finished-at="2023-10-18T15:32:29 CEST" duration-ms="2143" status="FAIL">
          <exception class="java.lang.AssertionError">
            <message>
              <![CDATA[expected [1] but found [2]]]>
            </message>
            <full-stacktrace>
              <![CDATA[java.lang.AssertionError: expected [1] but found [2]
at org.testng.Assert.fail(Assert.java:111)
at org.testng.Assert.failNotEquals(Assert.java:1578)
at org.testng.Assert.assertEqualsImpl(Assert.java:150)
at org.testng.Assert.assertEquals(Assert.java:132)
at org.testng.Assert.assertEquals(Assert.java:656)
at org.testng.Assert.assertEquals(Assert.java:666)
at Tests.ProductsTest.productIsStillInTheCartAfterLogout(ProductsTest.java:34)
at java.base/jdk.internal.reflect.DirectMethodHandleAccessor.invoke(DirectMethodHandleAccessor.java:104)
at java.base/java.lang.reflect.Method.invoke(Method.java:578)
at org.testng.internal.invokers.MethodInvocationHelper.invokeMethod(MethodInvocationHelper.java:139)
at org.testng.internal.invokers.TestInvoker.invokeMethod(TestInvoker.java:664)
at org.testng.internal.invokers.TestInvoker.invokeTestMethod(TestInvoker.java:227)
at org.testng.internal.invokers.MethodRunner.runInSequence(MethodRunner.java:50)
at org.testng.internal.invokers.TestInvoker$MethodInvocationAgent.invoke(TestInvoker.java:957)
at org.testng.internal.invokers.TestInvoker.invokeTestMethods(TestInvoker.java:200)
at org.testng.internal.invokers.TestMethodWorker.invokeTestMethods(TestMethodWorker.java:148)
at org.testng.internal.invokers.TestMethodWorker.run(TestMethodWorker.java:128)
at java.base/java.util.ArrayList.forEach(ArrayList.java:1511)
at org.testng.TestRunner.privateRun(TestRunner.java:848)
at org.testng.TestRunner.run(TestRunner.java:621)
at org.testng.SuiteRunner.runTest(SuiteRunner.java:443)
at org.testng.SuiteRunner.runSequentially(SuiteRunner.java:437)
at org.testng.SuiteRunner.privateRun(SuiteRunner.java:397)
at org.testng.SuiteRunner.run(SuiteRunner.java:336)
at org.testng.SuiteRunnerWorker.runSuite(SuiteRunnerWorker.java:52)
at org.testng.SuiteRunnerWorker.run(SuiteRunnerWorker.java:95)
at org.testng.TestNG.runSuitesSequentially(TestNG.java:1280)
at org.testng.TestNG.runSuitesLocally(TestNG.java:1200)
at org.testng.TestNG.runSuites(TestNG.java:1114)
at org.testng.TestNG.run(TestNG.java:1082)
at com.intellij.rt.testng.IDEARemoteTestNG.run(IDEARemoteTestNG.java:66)
at com.intellij.rt.testng.RemoteTestNGStarter.main(RemoteTestNGStarter.java:105)
]]>
            </full-stacktrace>
          </exception> <!-- java.lang.AssertionError -->
          <reporter-output>
          </reporter-output>
        </test-method> <!-- productIsStillInTheCartAfterLogout -->
        <test-method is-config="true" signature="killProcesses()[pri:0, instance:Tests.ProductsTest@659a969b]" started-at="2023-10-18T15:32:29 CEST" name="killProcesses" finished-at="2023-10-18T15:32:29 CEST" duration-ms="9" status="PASS">
          <reporter-output>
          </reporter-output>
        </test-method> <!-- killProcesses -->
        <test-method is-config="true" signature="tearDown()[pri:0, instance:Tests.ProductsTest@659a969b]" started-at="2023-10-18T15:32:29 CEST" name="tearDown" finished-at="2023-10-18T15:32:29 CEST" duration-ms="1" status="PASS">
          <reporter-output>
          </reporter-output>
        </test-method> <!-- tearDown -->
      </class> <!-- Tests.ProductsTest -->
    </test> <!-- SwagLabsProject -->
  </suite> <!-- Default Suite -->
</testng-results>
